This is pdfTeX, Version 3.141592653-2.6-1.40.22 (MiKTeX 21.6) (preloaded format=pdflatex 2021.6.24)  7 JUN 2024 16:29
entering extended mode
**"C:/Users/stefano/Documents/Tokyo-Napoli 2024-Kimura/2024-02-14-Kimura-Makoto
-Prove-Cicliche/Cyclic-T-with-lambda/main.tex"

(C:/Users/stefano/Documents/Tokyo-Napoli 2024-Kimura/2024-02-14-Kimura-Makoto-P
rove-Cicliche/Cyclic-T-with-lambda/main.tex
LaTeX2e <2021-06-01>
L3 programming layer <2021-06-01>
(C:\Users\stefano\AppData\Local\Programs\MiKTeX\tex/latex/base\article.cls
Document Class: article 2021/02/12 v1.4n Standard LaTeX document class
(C:\Users\stefano\AppData\Local\Programs\MiKTeX\tex/latex/base\size10.clo
File: size10.clo 2021/02/12 v1.4n Standard LaTeX file (size option)
)
\c@part=\count182
\c@section=\count183
\c@subsection=\count184
\c@subsubsection=\count185
\c@paragraph=\count186
\c@subparagraph=\count187
\c@figure=\count188
\c@table=\count189
\abovecaptionskip=\skip47
\belowcaptionskip=\skip48
\bibindent=\dimen138
)
(C:/Users/stefano/Documents/Tokyo-Napoli 2024-Kimura/2024-02-14-Kimura-Makoto-P
rove-Cicliche/Cyclic-T-with-lambda\mystyle.sty)
(C:\Users\stefano\AppData\Local\Programs\MiKTeX\tex/latex/graphics\graphicx.sty
Package: graphicx 2020/12/05 v1.2c Enhanced LaTeX Graphics (DPC,SPQR)
(C:\Users\stefano\AppData\Local\Programs\MiKTeX\tex/latex/graphics\keyval.sty
Package: keyval 2014/10/28 v1.15 key=value parser (DPC)
\KV@toks@=\toks16
)
(C:\Users\stefano\AppData\Local\Programs\MiKTeX\tex/latex/graphics\graphics.sty
Package: graphics 2021/03/04 v1.4d Standard LaTeX Graphics (DPC,SPQR)
(C:\Users\stefano\AppData\Local\Programs\MiKTeX\tex/latex/graphics\trig.sty
Package: trig 2016/01/03 v1.10 sin cos tan (DPC)
)
(C:\Users\stefano\AppData\Local\Programs\MiKTeX\tex/latex/graphics-cfg\graphics
.cfg
File: graphics.cfg 2016/06/04 v1.11 sample graphics configuration
)
Package graphics Info: Driver file: pdftex.def on input line 107.

(C:\Users\stefano\AppData\Local\Programs\MiKTeX\tex/latex/graphics-def\pdftex.d
ef
File: pdftex.def 2020/10/05 v1.2a Graphics/color driver for pdftex
))
\Gin@req@height=\dimen139
\Gin@req@width=\dimen140
)
(C:/Users/stefano/Documents/Tokyo-Napoli 2024-Kimura/2024-02-14-Kimura-Makoto-P
rove-Cicliche/Cyclic-T-with-lambda\mymath.sty
\Fboxwidth=\dimen141
\c@Th=\count190
)
(C:/Users/stefano/Documents/Tokyo-Napoli 2024-Kimura/2024-02-14-Kimura-Makoto-P
rove-Cicliche/Cyclic-T-with-lambda\proof.sty
\inferLineSkip=\dimen142
\inferLabelSkip=\dimen143
\@LeftOffset=\dimen144
\@RightOffset=\dimen145
\@SavedLeftOffset=\dimen146
\UpperWidth=\dimen147
\LowerWidth=\dimen148
\LowerHeight=\dimen149
\UpperLeftOffset=\dimen150
\UpperRightOffset=\dimen151
\UpperCenter=\dimen152
\LowerCenter=\dimen153
\UpperAdjust=\dimen154
\RuleAdjust=\dimen155
\LowerAdjust=\dimen156
\RuleWidth=\dimen157
\HLabelAdjust=\dimen158
\VLabelAdjust=\dimen159
\WidthAdjust=\dimen160
\@UpperPart=\box50
\@LowerPart=\box51
\@LabelPart=\box52
\ResultBox=\box53
)
(C:\Users\stefano\AppData\Local\Programs\MiKTeX\tex/latex/base\latexsym.sty
Package: latexsym 1998/08/17 v2.2e Standard LaTeX package (lasy symbols)
\symlasy=\mathgroup4
LaTeX Font Info:    Overwriting symbol font `lasy' in version `bold'
(Font)                  U/lasy/m/n --> U/lasy/b/n on input line 52.
)
(C:\Users\stefano\AppData\Local\Programs\MiKTeX\tex/latex/xcolor\xcolor.sty
Package: xcolor 2016/05/11 v2.12 LaTeX color extensions (UK)

(C:\Users\stefano\AppData\Local\Programs\MiKTeX\tex/latex/graphics-cfg\color.cf
g
File: color.cfg 2016/01/02 v1.6 sample color configuration
)
Package xcolor Info: Driver file: pdftex.def on input line 225.
Package xcolor Info: Model `cmy' substituted by `cmy0' on input line 1348.
Package xcolor Info: Model `hsb' substituted by `rgb' on input line 1352.
Package xcolor Info: Model `RGB' extended on input line 1364.
Package xcolor Info: Model `HTML' substituted by `rgb' on input line 1366.
Package xcolor Info: Model `Hsb' substituted by `hsb' on input line 1367.
Package xcolor Info: Model `tHsb' substituted by `hsb' on input line 1368.
Package xcolor Info: Model `HSB' substituted by `hsb' on input line 1369.
Package xcolor Info: Model `Gray' substituted by `gray' on input line 1370.
Package xcolor Info: Model `wave' substituted by `hsb' on input line 1371.
)
(C:\Users\stefano\AppData\Local\Programs\MiKTeX\tex/latex/contour\contour.sty
Package: contour 2004/11/18 v2.14 Print contoured text (HH, MH)
\con@length=\skip49

Loading configuration file `contour.cfg'.
(C:\Users\stefano\AppData\Local\Programs\MiKTeX\tex/latex/contour\contour.cfg
File: contour.cfg 2004/11/18 v2.14 Print contoured text (HH, MH)
)
contour: Using driver file `pdftex.cnt'.
(C:\Users\stefano\AppData\Local\Programs\MiKTeX\tex/latex/contour\pdftex.cnt
File: pdftex.cnt 2004/11/18 v2.14 Print contoured text (HH, MH)
))
\c@theorem=\count191

(C:\Users\stefano\AppData\Local\Programs\MiKTeX\tex/latex/l3backend\l3backend-p
dftex.def
File: l3backend-pdftex.def 2021-05-07 L3 backend support: PDF output (pdfTeX)
\l__color_backend_stack_int=\count192
\l__pdf_internal_box=\box54
)
No file main.aux.
\openout1 = `main.aux'.

LaTeX Font Info:    Checking defaults for OML/cmm/m/it on input line 53.
LaTeX Font Info:    ... okay on input line 53.
LaTeX Font Info:    Checking defaults for OMS/cmsy/m/n on input line 53.
LaTeX Font Info:    ... okay on input line 53.
LaTeX Font Info:    Checking defaults for OT1/cmr/m/n on input line 53.
LaTeX Font Info:    ... okay on input line 53.
LaTeX Font Info:    Checking defaults for T1/cmr/m/n on input line 53.
LaTeX Font Info:    ... okay on input line 53.
LaTeX Font Info:    Checking defaults for TS1/cmr/m/n on input line 53.
LaTeX Font Info:    ... okay on input line 53.
LaTeX Font Info:    Checking defaults for OMX/cmex/m/n on input line 53.
LaTeX Font Info:    ... okay on input line 53.
LaTeX Font Info:    Checking defaults for U/cmr/m/n on input line 53.
LaTeX Font Info:    ... okay on input line 53.

(C:\Users\stefano\AppData\Local\Programs\MiKTeX\tex/context/base/mkii\supp-pdf.
mkii
[Loading MPS to PDF converter (version 2006.09.02).]
\scratchcounter=\count193
\scratchdimen=\dimen161
\scratchbox=\box55
\nofMPsegments=\count194
\nofMParguments=\count195
\everyMPshowfont=\toks17
\MPscratchCnt=\count196
\MPscratchDim=\dimen162
\MPnumerator=\count197
\makeMPintoPDFobject=\count198
\everyMPtoPDFconversion=\toks18
)
(C:\Users\stefano\AppData\Local\Programs\MiKTeX\tex/latex/epstopdf-pkg\epstopdf
-base.sty
Package: epstopdf-base 2020-01-24 v2.11 Base part for package epstopdf

(C:\Users\stefano\AppData\Local\Programs\MiKTeX\tex/generic/infwarerr\infwarerr
.sty
Package: infwarerr 2019/12/03 v1.5 Providing info/warning/error messages (HO)
)
(C:\Users\stefano\AppData\Local\Programs\MiKTeX\tex/latex/grfext\grfext.sty
Package: grfext 2019/12/03 v1.3 Manage graphics extensions (HO)

(C:\Users\stefano\AppData\Local\Programs\MiKTeX\tex/generic/kvdefinekeys\kvdefi
nekeys.sty
Package: kvdefinekeys 2019-12-19 v1.6 Define keys (HO)
))
(C:\Users\stefano\AppData\Local\Programs\MiKTeX\tex/latex/kvoptions\kvoptions.s
ty
Package: kvoptions 2022-06-15 v3.15 Key value format for package options (HO)

(C:\Users\stefano\AppData\Local\Programs\MiKTeX\tex/generic/ltxcmds\ltxcmds.sty
Package: ltxcmds 2020-05-10 v1.25 LaTeX kernel commands for general use (HO)
)
(C:\Users\stefano\AppData\Local\Programs\MiKTeX\tex/generic/kvsetkeys\kvsetkeys
.sty
Package: kvsetkeys 2019/12/15 v1.18 Key value parser (HO)
))
(C:\Users\stefano\AppData\Local\Programs\MiKTeX\tex/generic/pdftexcmds\pdftexcm
ds.sty
Package: pdftexcmds 2020-06-27 v0.33 Utility functions of pdfTeX for LuaTeX (HO
)

(C:\Users\stefano\AppData\Local\Programs\MiKTeX\tex/generic/iftex\iftex.sty
Package: iftex 2020/03/06 v1.0d TeX engine tests
)
Package pdftexcmds Info: \pdf@primitive is available.
Package pdftexcmds Info: \pdf@ifprimitive is available.
Package pdftexcmds Info: \pdfdraftmode found.
)
Package epstopdf-base Info: Redefining graphics rule for `.eps' on input line 4
85.
Package grfext Info: Graphics extension search list:
(grfext)             [.pdf,.png,.jpg,.mps,.jpeg,.jbig2,.jb2,.PDF,.PNG,.JPG,.JPE
G,.JBIG2,.JB2,.eps]
(grfext)             \AppendGraphicsExtensions on input line 504.

(C:\Users\stefano\AppData\Local\Programs\MiKTeX\tex/latex/00miktex\epstopdf-sys
.cfg
File: epstopdf-sys.cfg 2021/03/18 v2.0 Configuration of epstopdf for MiKTeX
))
(C:/Users/stefano/Documents/Tokyo-Napoli 2024-Kimura/2024-02-14-Kimura-Makoto-P
rove-Cicliche/Cyclic-T-with-lambda\macro.tex)
(C:/Users/stefano/Documents/Tokyo-Napoli 2024-Kimura/2024-02-14-Kimura-Makoto-P
rove-Cicliche/Cyclic-T-with-lambda\title.tex
LaTeX Font Info:    External font `cmex10' loaded for size
(Font)              <17.28> on input line 30.
LaTeX Font Info:    External font `cmex10' loaded for size
(Font)              <12> on input line 30.
LaTeX Font Info:    Trying to load font information for U+lasy on input line 30
.

(C:\Users\stefano\AppData\Local\Programs\MiKTeX\tex/latex/base\ulasy.fd
File: ulasy.fd 1998/08/17 v2.2e LaTeX symbol font definitions
)
LaTeX Font Info:    External font `cmex10' loaded for size
(Font)              <8> on input line 30.
LaTeX Font Info:    External font `cmex10' loaded for size
(Font)              <6> on input line 30.
LaTeX Font Info:    External font `cmex10' loaded for size
(Font)              <9> on input line 33.
LaTeX Font Info:    External font `cmex10' loaded for size
(Font)              <5> on input line 33.

contour: Using real outline for `\leavevmode{\color {white}\tt T}' on input lin
e 33.
contour: Using real outline for `\leavevmode{\color {white}\tt T}' on input lin
e 34.
contour: Using real outline for `\leavevmode{\color {white}\tt T}' on input lin
e 37.
contour: Using real outline for `\leavevmode{\color {white}\tt T}' on input lin
e 50.
)
(C:/Users/stefano/Documents/Tokyo-Napoli 2024-Kimura/2024-02-14-Kimura-Makoto-P
rove-Cicliche/Cyclic-T-with-lambda\section-introduction.tex
LaTeX Font Info:    External font `cmex10' loaded for size
(Font)              <7> on input line 4.

contour: Using real outline for `\leavevmode{\color {white}$\Lambda $}' on inpu
t line 4.
contour: Using real outline for `\leavevmode{\color {white}$\Lambda $}' on inpu
t line 5.
contour: Using real outline for `\leavevmode{\color {white}$\Lambda $}' on inpu
t line 9.
contour: Using real outline for `\leavevmode{\color {white}$\Lambda $}' on inpu
t line 14.
contour: Using real outline for `\leavevmode{\color {white}\tt T}' on input lin
e 23.
contour: Using real outline for `\leavevmode{\color {white}\tt T}' on input lin
e 26.
contour: Using real outline for `\leavevmode{\color {white}$\Lambda $}' on inpu
t line 33.
contour: Using real outline for `\leavevmode{\color {white}$\Lambda $}' on inpu
t line 36.
contour: Using real outline for `\leavevmode{\color {white}\tt T}' on input lin
e 46.
contour: Using real outline for `\leavevmode{\color {white}\tt T}' on input lin
e 47.
[1

{C:/Users/stefano/AppData/Local/MiKTeX/pdftex/config/pdftex.map}]
contour: Using real outline for `\leavevmode{\color {white}\tt T}' on input lin
e 62.
)
(C:/Users/stefano/Documents/Tokyo-Napoli 2024-Kimura/2024-02-14-Kimura-Makoto-P
rove-Cicliche/Cyclic-T-with-lambda\section-infinite-lambda-terms.tex
LaTeX Font Info:    External font `cmex10' loaded for size
(Font)              <14.4> on input line 3.

contour: Using real outline for `\leavevmode{\color {white}$\Lambda $}' on inpu
t line 4.
contour: Using real outline for `\leavevmode{\color {white}$\Lambda $}' on inpu
t line 74.
contour: Using real outline for `\leavevmode{\color {white}$\Lambda $}' on inpu
t line 74.
contour: Using real outline for `\leavevmode{\color {white}$\Lambda $}' on inpu
t line 76.
contour: Using real outline for `\leavevmode{\color {white}$\Lambda $}' on inpu
t line 81.
contour: Using real outline for `\leavevmode{\color {white}$\Lambda $}' on inpu
t line 94.
contour: Using real outline for `\leavevmode{\color {white}$\Lambda $}' on inpu
t line 97.
contour: Using real outline for `\leavevmode{\color {white}$\Lambda $}' on inpu
t line 98.
[2]
contour: Using real outline for `\leavevmode{\color {white}$\Lambda $}' on inpu
t line 114.
contour: Using real outline for `\leavevmode{\color {white}$\Lambda $}' on inpu
t line 115.
contour: Using real outline for `\leavevmode{\color {white}$\Lambda $}' on inpu
t line 115.
contour: Using real outline for `\leavevmode{\color {white}$\Lambda $}' on inpu
t line 117.
contour: Using real outline for `\leavevmode{\color {white}$\Lambda $}' on inpu
t line 118.
contour: Using real outline for `\leavevmode{\color {white}$\Lambda $}' on inpu
t line 120.
contour: Using real outline for `\leavevmode{\color {white}$\Lambda $}' on inpu
t line 124.
contour: Using real outline for `\leavevmode{\color {white}$\Lambda $}' on inpu
t line 133.
contour: Using real outline for `\leavevmode{\color {white}\tt N}' on input lin
e 145.
contour: Using real outline for `\leavevmode{\color {white}$\Lambda $}' on inpu
t line 146.
contour: Using real outline for `\leavevmode{\color {white}$\Lambda $}' on inpu
t line 159.
contour: Using real outline for `\leavevmode{\color {white}\tt N}' on input lin
e 159.
contour: Using real outline for `\leavevmode{\color {white}$\Lambda $}' on inpu
t line 162.
contour: Using real outline for `\leavevmode{\color {white}$\Lambda $}' on inpu
t line 168.
contour: Using real outline for `\leavevmode{\color {white}$\Lambda $}' on inpu
t line 176.
contour: Using real outline for `\leavevmode{\color {white}$\Lambda $}' on inpu
t line 185.
contour: Using real outline for `\leavevmode{\color {white}$\Lambda $}' on inpu
t line 190.
contour: Using real outline for `\leavevmode{\color {white}$\Lambda $}' on inpu
t line 203.
contour: Using real outline for `\leavevmode{\color {white}$\Lambda $}' on inpu
t line 207.
contour: Using real outline for `\leavevmode{\color {white}$\Lambda $}' on inpu
t line 212.
contour: Using real outline for `\leavevmode{\color {white}$\Lambda $}' on inpu
t line 225.
[3]
contour: Using real outline for `\leavevmode{\color {white}$\Lambda $}' on inpu
t line 283.
contour: Using real outline for `\leavevmode{\color {white}$\Lambda $}' on inpu
t line 313.
contour: Using real outline for `\leavevmode{\color {white}$\Lambda $}' on inpu
t line 334.
contour: Using real outline for `\leavevmode{\color {white}$\Lambda $}' on inpu
t line 379.
contour: Using real outline for `\leavevmode{\color {white}$\Lambda $}' on inpu
t line 382.
contour: Using real outline for `\leavevmode{\color {white}$\Lambda $}' on inpu
t line 408.
[4]
contour: Using real outline for `\leavevmode{\color {white}$\Lambda $}' on inpu
t line 416.
contour: Using real outline for `\leavevmode{\color {white}$\Lambda $}' on inpu
t line 438.
contour: Using real outline for `\leavevmode{\color {white}$\Lambda $}' on inpu
t line 455.
contour: Using real outline for `\leavevmode{\color {white}$\Lambda $}' on inpu
t line 457.
contour: Using real outline for `\leavevmode{\color {white}$\Lambda $}' on inpu
t line 463.
contour: Using real outline for `\leavevmode{\color {white}$\Lambda $}' on inpu
t line 466.
contour: Using real outline for `\leavevmode{\color {white}$\Lambda $}' on inpu
t line 479.
contour: Using real outline for `\leavevmode{\color {white}$\Lambda $}' on inpu
t line 482.
contour: Using real outline for `\leavevmode{\color {white}$\Lambda $}' on inpu
t line 535.
contour: Using real outline for `\leavevmode{\color {white}$\Lambda $}' on inpu
t line 537.
contour: Using real outline for `\leavevmode{\color {white}$\Lambda $}' on inpu
t line 541.
[5]
contour: Using real outline for `\leavevmode{\color {white}$\Lambda $}' on inpu
t line 556.
)
(C:/Users/stefano/Documents/Tokyo-Napoli 2024-Kimura/2024-02-14-Kimura-Makoto-P
rove-Cicliche/Cyclic-T-with-lambda\section-trace-infinite-lambda-terms.tex
[6]
contour: Using real outline for `\leavevmode{\color {white}$\Lambda $}' on inpu
t line 55.
contour: Using real outline for `\leavevmode{\color {white}$\Lambda $}' on inpu
t line 138.
[7]
contour: Using real outline for `\leavevmode{\color {white}$\Lambda $}' on inpu
t line 215.
)
(C:/Users/stefano/Documents/Tokyo-Napoli 2024-Kimura/2024-02-14-Kimura-Makoto-P
rove-Cicliche/Cyclic-T-with-lambda\section-circular-system-CTlambda.tex
contour: Using real outline for `\leavevmode{\color {white}$\Lambda $}' on inpu
t line 4.
[8]
contour: Using real outline for `\leavevmode{\color {white}$\Lambda $}' on inpu
t line 39.
[9] [10]

LaTeX Warning: Reference `figure-term-interval' on page 11 undefined on input l
ine 346.


Overfull \hbox (104.65938pt too wide) detected at line 412
[]
 []


LaTeX Warning: Reference `figure-term-interval' on page 11 undefined on input l
ine 414.

)
(C:/Users/stefano/Documents/Tokyo-Napoli 2024-Kimura/2024-02-14-Kimura-Makoto-P
rove-Cicliche/Cyclic-T-with-lambda\section-subject-reduction-infinite-lambda-te
rms.tex)
(C:/Users/stefano/Documents/Tokyo-Napoli 2024-Kimura/2024-02-14-Kimura-Makoto-P
rove-Cicliche/Cyclic-T-with-lambda\section-safe-church-rosser.tex [11]
! Undefined control sequence.
l.23 \lable
           {definition-safe-trunk}
? 
! Emergency stop.
l.23 \lable
           {definition-safe-trunk}
End of file on the terminal!

 
Here is how much of TeX's memory you used:
 2819 strings out of 478864
 43581 string characters out of 2847712
 360488 words of memory out of 3000000
 20679 multiletter control sequences out of 15000+600000
 414465 words of font info for 71 fonts, out of 8000000 for 9000
 1141 hyphenation exceptions out of 8191
 61i,50n,70p,310b,518s stack positions out of 5000i,500n,10000p,200000b,80000s
!  ==> Fatal error occurred, no output PDF file produced!
